TN:
SF:src/functions.js
FN:5,(anonymous_0)
FN:6,(anonymous_1)
FN:7,(anonymous_2)
FN:16,(anonymous_3)
FN:17,(anonymous_4)
FN:18,(anonymous_5)
FN:31,readFile
FN:39,calcRate
FN:43,calculateLevel
FN:60,readMetric
FN:72,(anonymous_10)
FN:133,generateBadgeUrl
FN:139,generateEmoji
FN:143,generateInfo
FN:147,generateCommentHeader
FN:151,generateTable
FN:162,generateStatus
FN:196,toBool
FN:200,toInt
FN:204,loadConfig
FN:232,parseWebhook
FNF:21
FNH:15
FNDA:1,(anonymous_0)
FNDA:1,(anonymous_1)
FNDA:1,(anonymous_2)
FNDA:0,(anonymous_3)
FNDA:0,(anonymous_4)
FNDA:0,(anonymous_5)
FNDA:1,readFile
FNDA:0,calcRate
FNDA:3,calculateLevel
FNDA:0,readMetric
FNDA:0,(anonymous_10)
FNDA:2,generateBadgeUrl
FNDA:3,generateEmoji
FNDA:2,generateInfo
FNDA:2,generateCommentHeader
FNDA:1,generateTable
FNDA:3,generateStatus
FNDA:8,toBool
FNDA:8,toInt
FNDA:4,loadConfig
FNDA:11,parseWebhook
DA:1,1
DA:2,1
DA:3,1
DA:5,1
DA:6,1
DA:7,1
DA:8,1
DA:9,1
DA:11,0
DA:16,1
DA:17,0
DA:18,0
DA:19,0
DA:20,0
DA:22,0
DA:24,0
DA:29,1
DA:34,1
DA:37,0
DA:40,0
DA:47,3
DA:49,3
DA:50,1
DA:53,2
DA:54,1
DA:57,1
DA:66,0
DA:67,0
DA:69,0
DA:70,0
DA:71,0
DA:72,0
DA:73,0
DA:74,0
DA:88,0
DA:107,0
DA:108,0
DA:109,0
DA:110,0
DA:112,0
DA:113,0
DA:120,0
DA:121,0
DA:122,0
DA:126,0
DA:128,0
DA:130,0
DA:134,2
DA:140,3
DA:144,2
DA:148,2
DA:152,1
DA:170,3
DA:171,1
DA:179,2
DA:180,1
DA:188,1
DA:197,8
DA:201,8
DA:205,4
DA:206,4
DA:207,4
DA:208,4
DA:209,4
DA:210,4
DA:211,4
DA:212,4
DA:213,4
DA:215,4
DA:216,2
DA:219,4
DA:241,11
DA:242,11
DA:243,10
DA:245,1
DA:253,1
LF:76
LH:46
BRDA:8,0,0,1
BRDA:8,0,1,0
BRDA:19,1,0,0
BRDA:19,1,1,0
BRDA:40,2,0,0
BRDA:40,2,1,0
BRDA:45,3,0,0
BRDA:45,4,0,0
BRDA:45,5,0,0
BRDA:49,6,0,1
BRDA:49,6,1,2
BRDA:53,7,0,1
BRDA:53,7,1,1
BRDA:64,8,0,0
BRDA:64,9,0,0
BRDA:64,10,0,0
BRDA:69,11,0,0
BRDA:69,11,1,0
BRDA:75,12,0,0
BRDA:75,12,1,0
BRDA:117,13,0,0
BRDA:117,13,1,0
BRDA:118,14,0,0
BRDA:118,14,1,0
BRDA:140,15,0,1
BRDA:140,15,1,2
BRDA:170,16,0,1
BRDA:170,16,1,2
BRDA:179,17,0,1
BRDA:179,17,1,1
BRDA:197,18,0,2
BRDA:197,18,1,6
BRDA:209,19,0,4
BRDA:209,19,1,2
BRDA:210,20,0,4
BRDA:210,20,1,2
BRDA:211,21,0,4
BRDA:211,21,1,2
BRDA:212,22,0,4
BRDA:212,22,1,2
BRDA:215,23,0,2
BRDA:215,23,1,2
BRDA:234,24,0,3
BRDA:235,25,0,5
BRDA:238,26,0,7
BRDA:241,27,0,11
BRDA:241,27,1,1
BRDA:242,28,0,10
BRDA:242,28,1,1
BRDA:242,29,0,11
BRDA:242,29,1,4
BRDA:242,29,2,3
BRF:52
BRH:33
end_of_record
